# JRE version: Java(TM) SE Runtime Environment (7.0_45-b18) (build 1.7.0_45-b18)
# Java VM: Java HotSpot(TM) 64-Bit Server VM (24.45-b08 mixed mode bsd-amd64 compressed oops)
Heap
 PSYoungGen      total 39936K, used 12327K [0x00000007d5500000, 0x00000007d8500000, 0x0000000800000000)
  eden space 32768K, 18% used [0x00000007d5500000,0x00000007d5af71b0,0x00000007d7500000)
  from space 7168K, 86% used [0x00000007d7e00000,0x00000007d8412b28,0x00000007d8500000)
  to   space 8192K, 0% used [0x00000007d7500000,0x00000007d7500000,0x00000007d7d00000)
 ParOldGen       total 87040K, used 10931K [0x0000000780000000, 0x0000000785500000, 0x00000007d5500000)
  object space 87040K, 12% used [0x0000000780000000,0x0000000780aace30,0x0000000785500000)
 PSPermGen       total 21504K, used 19792K [0x000000077ae00000, 0x000000077c300000, 0x0000000780000000)
  object space 21504K, 92% used [0x000000077ae00000,0x000000077c1541b0,0x000000077c300000)
GC Heap History (10 events):
Event: 116.105 GC heap before
{Heap before GC invocations=2 (full 0):
 PSYoungGen      total 38912K, used 38881K [0x00000007d5500000, 0x00000007d8000000, 0x0000000800000000)
  eden space 33792K, 100% used [0x00000007d5500000,0x00000007d7600000,0x00000007d7600000)
  from space 5120K, 99% used [0x00000007d7600000,0x00000007d7af8708,0x00000007d7b00000)
  to   space 5120K, 0% used [0x00000007d7b00000,0x00000007d7b00000,0x00000007d8000000)
 ParOldGen       total 87040K, used 3447K [0x0000000780000000, 0x0000000785500000, 0x00000007d5500000)
  object space 87040K, 3% used [0x0000000780000000,0x000000078035dd18,0x0000000785500000)
 PSPermGen       total 21504K, used 18164K [0x000000077ae00000, 0x000000077c300000, 0x0000000780000000)
  object space 21504K, 84% used [0x000000077ae00000,0x000000077bfbd178,0x000000077c300000)
Event: 116.111 GC heap after
Heap after GC invocations=2 (full 0):
 PSYoungGen      total 38912K, used 5104K [0x00000007d5500000, 0x00000007d8000000, 0x0000000800000000)
  eden space 33792K, 0% used [0x00000007d5500000,0x00000007d5500000,0x00000007d7600000)
  from space 5120K, 99% used [0x00000007d7b00000,0x00000007d7ffc1c8,0x00000007d8000000)
  to   space 5120K, 0% used [0x00000007d7600000,0x00000007d7600000,0x00000007d7b00000)
 ParOldGen       total 87040K, used 3662K [0x0000000780000000, 0x0000000785500000, 0x00000007d5500000)
  object space 87040K, 4% used [0x0000000780000000,0x0000000780393a90,0x0000000785500000)
 PSPermGen       total 21504K, used 18164K [0x000000077ae00000, 0x000000077c300000, 0x0000000780000000)
  object space 21504K, 84% used [0x000000077ae00000,0x000000077bfbd178,0x000000077c300000)
}
Event: 221.251 GC heap before
{Heap before GC invocations=3 (full 0):
 PSYoungGen      total 38912K, used 38896K [0x00000007d5500000, 0x00000007d8000000, 0x0000000800000000)
  eden space 33792K, 100% used [0x00000007d5500000,0x00000007d7600000,0x00000007d7600000)
  from space 5120K, 99% used [0x00000007d7b00000,0x00000007d7ffc1c8,0x00000007d8000000)
  to   space 5120K, 0% used [0x00000007d7600000,0x00000007d7600000,0x00000007d7b00000)
 ParOldGen       total 87040K, used 3662K [0x0000000780000000, 0x0000000785500000, 0x00000007d5500000)
  object space 87040K, 4% used [0x0000000780000000,0x0000000780393a90,0x0000000785500000)
 PSPermGen       total 21504K, used 18255K [0x000000077ae00000, 0x000000077c300000, 0x0000000780000000)
  object space 21504K, 84% used [0x000000077ae00000,0x000000077bfd3e30,0x000000077c300000)
Event: 221.256 GC heap after
Heap after GC invocations=3 (full 0):
 PSYoungGen      total 38912K, used 5088K [0x00000007d5500000, 0x00000007d8000000, 0x0000000800000000)
  eden space 33792K, 0% used [0x00000007d5500000,0x00000007d5500000,0x00000007d7600000)
  from space 5120K, 99% used [0x00000007d7600000,0x00000007d7af81d8,0x00000007d7b00000)
  to   space 5120K, 0% used [0x00000007d7b00000,0x00000007d7b00000,0x00000007d8000000)
 ParOldGen       total 87040K, used 3786K [0x0000000780000000, 0x0000000785500000, 0x00000007d5500000)
  object space 87040K, 4% used [0x0000000780000000,0x00000007803b2aa0,0x0000000785500000)
 PSPermGen       total 21504K, used 18255K [0x000000077ae00000, 0x000000077c300000, 0x0000000780000000)
  object space 21504K, 84% used [0x000000077ae00000,0x000000077bfd3e30,0x000000077c300000)
}
Event: 485.936 GC heap before
{Heap before GC invocations=4 (full 0):
 PSYoungGen      total 38912K, used 38880K [0x00000007d5500000, 0x00000007d8000000, 0x0000000800000000)
  eden space 33792K, 100% used [0x00000007d5500000,0x00000007d7600000,0x00000007d7600000)
  from space 5120K, 99% used [0x00000007d7600000,0x00000007d7af81d8,0x00000007d7b00000)
  to   space 5120K, 0% used [0x00000007d7b00000,0x00000007d7b00000,0x00000007d8000000)
 ParOldGen       total 87040K, used 3786K [0x0000000780000000, 0x0000000785500000, 0x00000007d5500000)
  object space 87040K, 4% used [0x0000000780000000,0x00000007803b2aa0,0x0000000785500000)
 PSPermGen       total 21504K, used 18439K [0x000000077ae00000, 0x000000077c300000, 0x0000000780000000)
  object space 21504K, 85% used [0x000000077ae00000,0x000000077c001f48,0x000000077c300000)
Event: 485.946 GC heap after
Heap after GC invocations=4 (full 0):
 PSYoungGen      total 38912K, used 5095K [0x00000007d5500000, 0x00000007d8000000, 0x0000000800000000)
  eden space 33792K, 0% used [0x00000007d5500000,0x00000007d5500000,0x00000007d7600000)
  from space 5120K, 99% used [0x00000007d7b00000,0x00000007d7ff9e68,0x00000007d8000000)
  to   space 5120K, 0% used [0x00000007d7600000,0x00000007d7600000,0x00000007d7b00000)
 ParOldGen       total 87040K, used 4242K [0x0000000780000000, 0x0000000785500000, 0x00000007d5500000)
  object space 87040K, 4% used [0x0000000780000000,0x0000000780424aa0,0x0000000785500000)
 PSPermGen       total 21504K, used 18439K [0x000000077ae00000, 0x000000077c300000, 0x0000000780000000)
  object space 21504K, 85% used [0x000000077ae00000,0x000000077c001f48,0x000000077c300000)
}
Event: 594.073 GC heap before
{Heap before GC invocations=5 (full 0):
 PSYoungGen      total 38912K, used 38887K [0x00000007d5500000, 0x00000007d8000000, 0x0000000800000000)
  eden space 33792K, 100% used [0x00000007d5500000,0x00000007d7600000,0x00000007d7600000)
  from space 5120K, 99% used [0x00000007d7b00000,0x00000007d7ff9e68,0x00000007d8000000)
  to   space 5120K, 0% used [0x00000007d7600000,0x00000007d7600000,0x00000007d7b00000)
 ParOldGen       total 87040K, used 4242K [0x0000000780000000, 0x0000000785500000, 0x00000007d5500000)
  object space 87040K, 4% used [0x0000000780000000,0x0000000780424aa0,0x0000000785500000)
 PSPermGen       total 21504K, used 18523K [0x000000077ae00000, 0x000000077c300000, 0x0000000780000000)
  object space 21504K, 86% used [0x000000077ae00000,0x000000077c016e00,0x000000077c300000)
Event: 594.079 GC heap after
Heap after GC invocations=5 (full 0):
 PSYoungGen      total 38400K, used 5095K [0x00000007d5500000, 0x00000007d8680000, 0x0000000800000000)
  eden space 33280K, 0% used [0x00000007d5500000,0x00000007d5500000,0x00000007d7580000)
  from space 5120K, 99% used [0x00000007d7600000,0x00000007d7af9e68,0x00000007d7b00000)
  to   space 8704K, 0% used [0x00000007d7e00000,0x00000007d7e00000,0x00000007d8680000)
 ParOldGen       total 87040K, used 4362K [0x0000000780000000, 0x0000000785500000, 0x00000007d5500000)
  object space 87040K, 5% used [0x0000000780000000,0x0000000780442aa0,0x0000000785500000)
 PSPermGen       total 21504K, used 18523K [0x000000077ae00000, 0x000000077c300000, 0x0000000780000000)
  object space 21504K, 86% used [0x000000077ae00000,0x000000077c016e00,0x000000077c300000)
}
Event: 617.532 GC heap before
{Heap before GC invocations=6 (full 0):
 PSYoungGen      total 38400K, used 38375K [0x00000007d5500000, 0x00000007d8680000, 0x0000000800000000)
  eden space 33280K, 100% used [0x00000007d5500000,0x00000007d7580000,0x00000007d7580000)
  from space 5120K, 99% used [0x00000007d7600000,0x00000007d7af9e68,0x00000007d7b00000)
  to   space 8704K, 0% used [0x00000007d7e00000,0x00000007d7e00000,0x00000007d8680000)
 ParOldGen       total 87040K, used 4362K [0x0000000780000000, 0x0000000785500000, 0x00000007d5500000)
  object space 87040K, 5% used [0x0000000780000000,0x0000000780442aa0,0x0000000785500000)
 PSPermGen       total 21504K, used 19764K [0x000000077ae00000, 0x000000077c300000, 0x0000000780000000)
  object space 21504K, 91% used [0x000000077ae00000,0x000000077c14d108,0x000000077c300000)
Event: 617.540 GC heap after
Heap after GC invocations=6 (full 0):
 PSYoungGen      total 39936K, used 6218K [0x00000007d5500000, 0x00000007d8500000, 0x0000000800000000)
  eden space 32768K, 0% used [0x00000007d5500000,0x00000007d5500000,0x00000007d7500000)
  from space 7168K, 86% used [0x00000007d7e00000,0x00000007d8412b28,0x00000007d8500000)
  to   space 8192K, 0% used [0x00000007d7500000,0x00000007d7500000,0x00000007d7d00000)
 ParOldGen       total 87040K, used 10931K [0x0000000780000000, 0x0000000785500000, 0x00000007d5500000)
  object space 87040K, 12% used [0x0000000780000000,0x0000000780aace30,0x0000000785500000)
 PSPermGen       total 21504K, used 19764K [0x000000077ae00000, 0x000000077c300000, 0x0000000780000000)
  object space 21504K, 91% used [0x000000077ae00000,0x000000077c14d108,0x000000077c300000)
}

